<?xml version="1.0" encoding="UTF-8"?>
<testng-results skipped="0" failed="0" ignored="0" total="1" passed="1">
  <reporter-output>
  </reporter-output>
  <suite name="Default suite" duration-ms="17685" started-at="2020-08-23T15:45:10Z" finished-at="2020-08-23T15:45:28Z">
    <groups>
    </groups>
    <test name="Default test" duration-ms="17685" started-at="2020-08-23T15:45:10Z" finished-at="2020-08-23T15:45:28Z">
      <class name="org.test.Sample">
        <test-method status="PASS" signature="launch()[pri:0, instance:org.test.Sample@7fa833]" name="launch" is-config="true" duration-ms="7541" started-at="2020-08-23T15:45:10Z" finished-at="2020-08-23T15:45:18Z">
          <reporter-output>
          </reporter-output>
        </test-method> <!-- launch -->
        <test-method status="PASS" signature="start()[pri:0, instance:org.test.Sample@7fa833]" name="start" is-config="true" duration-ms="31" started-at="2020-08-23T15:45:18Z" finished-at="2020-08-23T15:45:18Z">
          <reporter-output>
          </reporter-output>
        </test-method> <!-- start -->
        <test-method status="PASS" signature="loginTestCase()[pri:0, instance:org.test.Sample@7fa833]" name="loginTestCase" duration-ms="10000" started-at="2020-08-23T15:45:18Z" finished-at="2020-08-23T15:45:28Z">
          <reporter-output>
          </reporter-output>
        </test-method> <!-- loginTestCase -->
        <test-method status="PASS" signature="End()[pri:0, instance:org.test.Sample@7fa833]" name="End" is-config="true" duration-ms="0" started-at="2020-08-23T15:45:28Z" finished-at="2020-08-23T15:45:28Z">
          <reporter-output>
          </reporter-output>
        </test-method> <!-- End -->
      </class> <!-- org.test.Sample -->
    </test> <!-- Default test -->
  </suite> <!-- Default suite -->
</testng-results>
