<?xml version="1.0" encoding="UTF-8"?>
<!-- Generated by org.testng.reporters.JUnitXMLReporter -->
<testsuite hostname="GOPINATH" ignored="0" name="Test" tests="6" failures="0" timestamp="13 Jul 2020 18:18:29 GMT" time="0.177" errors="0">
  <testcase name="tc11" time="0.034" classname="org.test.B"/>
  <testcase name="tc1" time="0.033" classname="org.test.A"/>
  <testcase name="tc12" time="0.012" classname="org.test.B"/>
  <testcase name="tc13" time="0.005" classname="org.test.B"/>
  <testcase name="tc2" time="0.004" classname="org.test.A"/>
  <testcase name="tc3" time="0.004" classname="org.test.A"/>
</testsuite> <!-- Test -->
